<?xml version="1.0" encoding="UTF-8"?>
<testsuites name="FA_Login_01" time="36.42" tests="1" failures="0" errors="0">
   <testsuite name="FA_Login_01" tests="1" failures="0" errors="0" time="36.42" skipped="0" timestamp="10-03-2025T15:39:59" hostname="Nirav.Satra - AQMIT-LPT-11113" id="Test Suites/FA/FA_Login_01">
      <properties>
         <property name="deviceName" value=""/>
         <property name="devicePlatform"/>
         <property name="logFolder" value="D:\\Users\\Nirav.Satra\\git\\KatalonCICDnew\\Reports\\20250310_153950\\FA\\FA_Login_01\\20250310_153950"/>
         <property name="logFiles" value="D:\\Users\\Nirav.Satra\\git\\KatalonCICDnew\\Reports\\20250310_153950\\FA\\FA_Login_01\\20250310_153950\\execution0.log"/>
         <property name="attachments" value=""/>
         <property name="hostName" value="Nirav.Satra - AQMIT-LPT-11113"/>
         <property name="os" value="Windows 10 64bit"/>
         <property name="katalonVersion" value="10.1.0.223"/>
         <property name="browser" value="Chrome 134.0.6998.36"/>
         <property name="hostAddress" value="172.20.10.8"/>
         <property name="sessionId" value="41939a0c8c685568dd6ddd06c4f44995"/>
         <property name="seleniumVersion" value="4.22.0"/>
         <property name="proxyInformation" value="ProxyInformation { proxyOption=NO_PROXY, proxyServerType=HTTP, username=, password=********, proxyServerAddress=, proxyServerPort=0, executionList=&quot;&quot;, isApplyToDesiredCapabilities=true }"/>
         <property name="platform" value="Windows 10"/>
      </properties>
      <testcase name="Test Cases/FA_Login" time="35.546" classname="Test Cases/FA_Login" status="PASSED">
         <system-out><![CDATA[10-03-2025T15:39:59 - [TEST_CASE][PASSED] - Test Cases/FA_Login: Test Cases/FA_Login

10-03-2025T15:40:00 - [TEST_STEP][PASSED] - openBrowser(""): Browser is opened with url: ''

10-03-2025T15:40:01 - [MESSAGE][INFO] - Starting 'Chrome' driver

10-03-2025T15:40:01 - [MESSAGE][INFO] - Action delay is set to 0 milliseconds

10-03-2025T15:40:09 - [MESSAGE][PASSED] - Browser is opened with url: ''

10-03-2025T15:40:09 - [TEST_STEP][PASSED] - maximizeWindow(): Current window maximized

10-03-2025T15:40:09 - [MESSAGE][PASSED] - Current window maximized

10-03-2025T15:40:09 - [TEST_STEP][PASSED] - navigateToUrl("https://demo.frontaccounting.eu/"): Navigate to 'https://demo.frontaccounting.eu/' successfully

10-03-2025T15:40:30 - [MESSAGE][PASSED] - Navigate to 'https://demo.frontaccounting.eu/' successfully

10-03-2025T15:40:30 - [TEST_STEP][PASSED] - click(findTestObject("Object Repository/Page_FrontAccounting 2.4.12 - Login/input_Login as user demouser and password p_42366d")): Object: 'Object Repository/Page_FrontAccounting 2.4.12 - Login/input_Login as user demouser and password p_42366d' is clicked on

10-03-2025T15:40:33 - [MESSAGE][PASSED] - Object: 'Object Repository/Page_FrontAccounting 2.4.12 - Login/input_Login as user demouser and password p_42366d' is clicked on

10-03-2025T15:40:33 - [TEST_STEP][PASSED] - click(findTestObject("Object Repository/Page_Main Menu/a_Logout")): Object: 'Object Repository/Page_Main Menu/a_Logout' is clicked on

10-03-2025T15:40:35 - [MESSAGE][PASSED] - Object: 'Object Repository/Page_Main Menu/a_Logout' is clicked on

10-03-2025T15:40:35 - [TEST_STEP][PASSED] - closeBrowser(): Browser is closed

10-03-2025T15:40:35 - [MESSAGE][PASSED] - Browser is closed]]></system-out>
         <system-err><![CDATA[]]></system-err>
      </testcase>
      <system-out><![CDATA[10-03-2025T15:39:59 - [TEST_SUITE][PASSED] - FA_Login_01: Test Cases/FA_Login]]></system-out>
      <system-err><![CDATA[]]></system-err>
   </testsuite>
</testsuites>
