<?xml version="1.0" encoding="UTF-8"?>
<testsuites name="FA_Login_01" time="29.998" tests="1" failures="0" errors="0">
   <testsuite name="FA_Login_01" tests="1" failures="0" errors="0" time="29.998" skipped="0" timestamp="13-03-2025T12:00:35" hostname="Nirav.Satra - AQMIT-LPT-11113" id="Test Suites/FA/FA_Login_01">
      <properties>
         <property name="deviceName" value=""/>
         <property name="devicePlatform"/>
         <property name="logFolder" value="D:\\Users\\Nirav.Satra\\git\\KatalonCICDnew\\Reports\\20250313_120029\\FA\\FA_Login_01\\20250313_120029"/>
         <property name="logFiles" value="D:\\Users\\Nirav.Satra\\git\\KatalonCICDnew\\Reports\\20250313_120029\\FA\\FA_Login_01\\20250313_120029\\execution0.log"/>
         <property name="attachments" value=""/>
         <property name="hostName" value="Nirav.Satra - AQMIT-LPT-11113"/>
         <property name="os" value="Windows 10 64bit"/>
         <property name="katalonVersion" value="10.1.0.223"/>
         <property name="browser" value="Chrome 134.0.6998.36"/>
         <property name="hostAddress" value="172.20.10.8"/>
         <property name="sessionId" value="911c08694670c90393c5992cf022a920"/>
         <property name="seleniumVersion" value="4.22.0"/>
         <property name="proxyInformation" value="ProxyInformation { proxyOption=NO_PROXY, proxyServerType=HTTP, username=, password=********, proxyServerAddress=, proxyServerPort=0, executionList=&quot;&quot;, isApplyToDesiredCapabilities=true }"/>
         <property name="platform" value="Windows 10"/>
      </properties>
      <testcase name="Test Cases/FA_Login" time="29.462" classname="Test Cases/FA_Login" status="PASSED">
         <system-out><![CDATA[13-03-2025T12:00:35 - [TEST_CASE][PASSED] - Test Cases/FA_Login: Test Cases/FA_Login

13-03-2025T12:00:36 - [TEST_STEP][PASSED] - openBrowser(""): Browser is opened with url: ''

13-03-2025T12:00:36 - [MESSAGE][INFO] - Starting 'Chrome (headless)' driver

13-03-2025T12:00:36 - [MESSAGE][INFO] - Action delay is set to 0 milliseconds

13-03-2025T12:00:40 - [MESSAGE][PASSED] - Browser is opened with url: ''

13-03-2025T12:00:40 - [TEST_STEP][PASSED] - maximizeWindow(): Current window maximized

13-03-2025T12:00:40 - [MESSAGE][PASSED] - Current window maximized

13-03-2025T12:00:40 - [TEST_STEP][PASSED] - navigateToUrl("https://demo.frontaccounting.eu/"): Navigate to 'https://demo.frontaccounting.eu/' successfully

13-03-2025T12:01:00 - [MESSAGE][PASSED] - Navigate to 'https://demo.frontaccounting.eu/' successfully

13-03-2025T12:01:00 - [TEST_STEP][PASSED] - click(findTestObject("Object Repository/Page_FrontAccounting 2.4.12 - Login/input_Login as user demouser and password p_42366d")): Object: 'Object Repository/Page_FrontAccounting 2.4.12 - Login/input_Login as user demouser and password p_42366d' is clicked on

13-03-2025T12:01:02 - [MESSAGE][PASSED] - Object: 'Object Repository/Page_FrontAccounting 2.4.12 - Login/input_Login as user demouser and password p_42366d' is clicked on

13-03-2025T12:01:02 - [TEST_STEP][PASSED] - click(findTestObject("Object Repository/Page_Main Menu/a_Logout")): Object: 'Object Repository/Page_Main Menu/a_Logout' is clicked on

13-03-2025T12:01:05 - [MESSAGE][PASSED] - Object: 'Object Repository/Page_Main Menu/a_Logout' is clicked on

13-03-2025T12:01:05 - [TEST_STEP][PASSED] - closeBrowser(): Browser is closed

13-03-2025T12:01:05 - [MESSAGE][PASSED] - Browser is closed]]></system-out>
         <system-err><![CDATA[]]></system-err>
      </testcase>
      <system-out><![CDATA[13-03-2025T12:00:35 - [TEST_SUITE][PASSED] - FA_Login_01: Test Cases/FA_Login]]></system-out>
      <system-err><![CDATA[]]></system-err>
   </testsuite>
</testsuites>
